
=== Fri Dec 13 20:10:37 2019

Packages were changed.
Update Mode: mergeDefaultDependencies

The following packages were added:
  com.unity.package-manager-ui@2.2.0
  com.unity.ext.nunit@1.0.0
  com.unity.test-framework@1.0.13
  com.unity.ide.vscode@1.1.0
  com.unity.ide.rider@1.1.0
  com.unity.ugui@1.0.0
  com.unity.modules.androidjni@1.0.0

=== Fri Dec 13 20:38:50 2019

Packages were changed.
Update Mode: updateDependencies

The following packages were updated:
  com.unity.ide.vscode from version 1.1.0 to 1.1.3
  com.unity.render-pipelines.high-definition from version 6.9.0-preview to 7.1.5
  com.unity.shadergraph from version 6.9.2 to 7.1.5
  com.unity.test-framework from version 1.0.13 to 1.1.3
  com.unity.timeline from version 1.1.0 to 1.2.6
The following packages were removed:
  com.unity.package-manager-ui@2.2.0

=== Mon Jan  6 21:47:52 2020

Packages were changed.
Update Mode: updateDependencies

The following packages were updated:
  com.unity.ide.rider from version 1.1.0 to 1.1.4
  com.unity.render-pipelines.high-definition from version 7.1.5 to 7.1.6
  com.unity.shadergraph from version 7.1.5 to 7.1.6

=== Mon Jan 13 22:41:12 2020

Packages were changed.
Update Mode: updateDependencies

The following packages were updated:
  com.unity.render-pipelines.high-definition from version 7.1.6 to 7.1.7
  com.unity.shadergraph from version 7.1.6 to 7.1.7
  com.unity.test-framework from version 1.1.3 to 1.1.9
  com.unity.timeline from version 1.2.6 to 1.2.9

=== Mon Feb  3 10:37:32 2020

Packages were changed.
Update Mode: updateDependencies

The following packages were updated:
  com.unity.ide.vscode from version 1.1.3 to 1.1.4
  com.unity.postprocessing from version 2.2.2 to 2.3.0
  com.unity.shadergraph from version 7.1.7 to 7.1.8
  com.unity.timeline from version 1.2.9 to 1.2.10

=== Sat Aug 15 18:27:15 2020

Packages were changed.
Update Mode: updateDependencies

The following packages were added:
  com.unity.ide.visualstudio@2.0.2
The following packages were updated:
  com.unity.collab-proxy from version 1.2.16 to 1.3.8
  com.unity.ide.rider from version 1.1.4 to 1.2.1
  com.unity.ide.vscode from version 1.1.4 to 1.2.1
  com.unity.inputsystem from version 1.0.0-preview.6 to 1.0.0
  com.unity.quicksearch from version 1.5.2 to 1.5.3
  com.unity.render-pipelines.universal from version 7.1.8 to 8.2.0
  com.unity.shadergraph from version 7.1.8 to 8.2.0
  com.unity.test-framework from version 1.1.9 to 1.1.16
  com.unity.textmeshpro from version 2.0.1 to 3.0.1
